*** Using Compiler 'V5.06 update 4 (build 422)', folder: 'D:\Keil_v5\ARM\ARMCC\Bin'
Build target 'AD7705'
compiling dac.c...
compiling ad7705.c...
..\AD7705\ad7705.c(15): warning:  #223-D: function "SPI_FLASH_SendByte" declared implicitly
  		SPI_FLASH_SendByte(Dst_Addr);
..\AD7705\ad7705.c(26): warning:  #223-D: function "SPI_FLASH_SendByte" declared implicitly
      SPI_FLASH_SendByte(0xff);              
..\AD7705\ad7705.c(70): warning:  #223-D: function "SPI_FLASH_SendByte" declared implicitly
      DataH = SPI_FLASH_SendByte(0xff);
..\AD7705\ad7705.c(94): warning:  #223-D: function "SPI_FLASH_SendByte" declared implicitly
      DataH = SPI_FLASH_SendByte(0xff);
..\AD7705\ad7705.c: 4 warnings, 0 errors
compiling stm32f4xx_it.c...
compiling main.c...
../Core/Src/main.c(73): warning:  #177-D: variable "adcx"  was declared but never referenced
  	uint16_t adcx;
../Core/Src/main.c: 1 warning, 0 errors
compiling spi.c...
../Core/Src/spi.c(122): warning:  #223-D: function "printf" declared implicitly
    
LASH_ERROR("SPI TIMEOUT!errorCode = %d",errorCode);
../Core/Src/spi.c: 1 warning, 0 errors
compiling gpio.c...
compiling usart.c...
compiling stm32f4xx_hal_msp.c...
linking...
Program Size: Code=6732 RO-data=448 RW-data=52 ZI-data=1204  
FromELF: creating hex file...
"AD7705\AD7705.axf" - 0 Error(s), 6 Warning(s).
Build Time Elapsed:  00:00:11
